This file contains any messages produced by compilers while
running configure, to aid debugging if configure makes a mistake.

It was created by OpenPraparat configure 0.1, which was
generated by GNU Autoconf 2.71.  Invocation command line was

  $ ./configure CXX=g++ CC=gcc --no-create --no-recursion

## --------- ##
## Platform. ##
## --------- ##

hostname = nodokaha-nixos
uname -m = x86_64
uname -r = 5.15.97
uname -s = Linux
uname -v = #1-NixOS SMP Fri Mar 3 10:45:54 UTC 2023

/usr/bin/uname -p = unknown
/bin/uname -X     = unknown

/bin/arch              = unknown
/usr/bin/arch -k       = unknown
/usr/convex/getsysinfo = unknown
/usr/bin/hostinfo      = unknown
/bin/machine           = unknown
/usr/bin/oslevel       = unknown
/bin/universe          = unknown

PATH: /nix/store/vq21qf550xa9di4mr0y9px5qsmww6zr2-bash-interactive-5.1-p16/bin/
PATH: /nix/store/xwf8sam0f6sygsbyg4kdlvrr4kf0igdl-patchelf-0.15.0/bin/
PATH: /nix/store/dkw46jgi8i0bq64cag95v4ywz6g9bnga-gcc-wrapper-11.3.0/bin/
PATH: /nix/store/qm03mh5x2j4ls0y80y8h3zsyj4hb52w2-gcc-11.3.0/bin/
PATH: /nix/store/k7hz7q51yn77j70i2kjrc9rgnik4yqgk-glibc-2.35-224-bin/bin/
PATH: /nix/store/wxb674h6dp7h63na8z6jwpagps811jl7-coreutils-9.1/bin/
PATH: /nix/store/ky760iqmnd2wcngvzlrh7703i11qvagj-binutils-wrapper-2.39/bin/
PATH: /nix/store/lz1bwpdvlywij5ir0fmncgqa83dlpwhn-binutils-2.39/bin/
PATH: /nix/store/8h50phngpjl84l9c7v5q77sfbf7cqfby-gfortran-wrapper-11.3.0/bin/
PATH: /nix/store/vx03jglbzr3642ppwkqgcmajrxa8ir3y-binutils-wrapper-2.39/bin/
PATH: /nix/store/rj5hd5pggc3w28fl15z1jyr39iznkfwj-glui-2.37/bin/
PATH: /nix/store/na10xxsykcarz6a0ag08jvd2ings41pj-gcc-11.3.0/bin/
PATH: /nix/store/y3af200bfvmb7s3vcfmc30wla5iyh5kg-cmake-3.24.3/bin/
PATH: /nix/store/192d4kpgj07df15qpn46cj1hk0cmscx3-gtk+-2.24.33-dev/bin/
PATH: /nix/store/pwky6pfiwa4c27g3njg604z7w3pbrpg7-glib-2.74.3-dev/bin/
PATH: /nix/store/xrlkcbc7ic9fbgcf5c6ga9d3vx3x1b30-gettext-0.21/bin/
PATH: /nix/store/gxb3l954lhykfsx2rhcf97dj30rl7df7-glib-2.74.3-bin/bin/
PATH: /nix/store/kyxc8xwzfa8rzhvlyflbff1nw0fda5hz-cairo-1.16.0-dev/bin/
PATH: /nix/store/cr7szq7mcllxrdib5n76c35kp7rvkg05-freetype-2.12.1-dev/bin/
PATH: /nix/store/cvwm2f4nrly4hrq17hf7xb9kpyq66zpp-bzip2-1.0.8-bin/bin/
PATH: /nix/store/ynw21m84zvc7xcd18ip3hj657dqf6vj1-libpng-apng-1.6.37-dev/bin/
PATH: /nix/store/p8gng1ainyiv5pias693hlf3qfrpylrz-fontconfig-2.14.0-bin/bin/
PATH: /nix/store/d7bkdbwlrzk3mjd50zb4nlbsplc1b3cj-expat-2.5.0-dev/bin/
PATH: /nix/store/zxw9ndbxx95kc7nww7nmlim9i28wpcsw-harfbuzz-5.2.0-dev/bin/
PATH: /nix/store/8f0swd71qn1z72cnjrmlizr0783mn19a-graphite2-1.3.14/bin/
PATH: /nix/store/n9aar6sfwqqzn7f83fg8rwmgls7khjah-pango-1.50.12-bin/bin/
PATH: /nix/store/vzfajdy5x1fqwpxzricpb9jhviacjdy0-gdk-pixbuf-2.42.10-dev/bin/
PATH: /nix/store/xh4y9v7xj7s4c99h2vawvxyw2m2gbcni-libjpeg-turbo-2.1.4-bin/bin/
PATH: /nix/store/2hl7x5mwibc3fzzm4riym2pc7aw7vy9w-xz-5.2.7-bin/bin/
PATH: /nix/store/z4g95bgzqydqvj88zjnzw8rjar1n66qr-libtiff-4.4.0-bin/bin/
PATH: /nix/store/h9hqva5bjralw5v52zfy0slj67wmyjjv-gdk-pixbuf-2.42.10/bin/
PATH: /nix/store/wsjsjx85d0km8si2ghx1636q4n17p7nc-dbus-1.14.4-lib/bin/
PATH: /nix/store/x84c4scn549nf1qpmb8mm4nyiyqwwcjp-dbus-1.14.4/bin/
PATH: /nix/store/6idzn07lmdd5pajcafa3lfgn6adkl99v-cups-2.4.2-dev/bin/
PATH: /nix/store/mhi17kclhzlbzbskgji1biyd06pgswfl-cups-2.4.2/bin/
PATH: /nix/store/cnfcq5zcj7m9lrs2i5s1arvxsy223q7g-gtk+-2.24.33/bin/
PATH: /nix/store/wa04mj7rldj3rcimxb5v8c3mj62rklfd-pkg-config-wrapper-0.29.2/bin/
PATH: /nix/store/wxb674h6dp7h63na8z6jwpagps811jl7-coreutils-9.1/bin/
PATH: /nix/store/qb3dj8ybkm4kj2nq2zkzrri10z05jh7m-findutils-4.9.0/bin/
PATH: /nix/store/mmjv5vhr0pj8ljfxa9r32dm9dnj05mc8-diffutils-3.8/bin/
PATH: /nix/store/94vs0vy7k92sndkcxxgjahgp1zv58mya-gnused-4.8/bin/
PATH: /nix/store/6cw0r7hvdrijq1izljsl9bqbl6568chp-gnugrep-3.7/bin/
PATH: /nix/store/9izpdvqkiidxqp3x7fhjmmx0xsjq1n9s-gawk-5.1.1/bin/
PATH: /nix/store/kd0vbwf3685vvgyryqfd0ra2f0s6w70c-gnutar-1.34/bin/
PATH: /nix/store/pqvn59xib35km9qcl90yq4gma221br8k-gzip-1.12/bin/
PATH: /nix/store/cvwm2f4nrly4hrq17hf7xb9kpyq66zpp-bzip2-1.0.8-bin/bin/
PATH: /nix/store/qy5mvspgxdrpcmzyv7rgwfzhb5mqj31q-gnumake-4.3/bin/
PATH: /nix/store/96ky1zdkpq871h2dlk198fz0zvklr1dr-bash-5.1-p16/bin/
PATH: /nix/store/xbkzp4y4hb8j7d4yvjxf51y8drp2rzb4-patch-2.7.6/bin/
PATH: /nix/store/2hl7x5mwibc3fzzm4riym2pc7aw7vy9w-xz-5.2.7-bin/bin/
PATH: /nix/store/m6pqvzyprlr073z4v2q59wdi7ga8g5qd-file-5.43/bin/
PATH: /run/wrappers/bin/
PATH: /home/nodokaha/.local/share/flatpak/exports/bin/
PATH: /var/lib/flatpak/exports/bin/
PATH: /home/nodokaha/.nix-profile/bin/
PATH: /etc/profiles/per-user/nodokaha/bin/
PATH: /nix/var/nix/profiles/default/bin/
PATH: /run/current-system/sw/bin/
PATH: /home/nodokaha/.cargo/bin/
PATH: /home/nodokaha/.cargo/bin/


## ----------- ##
## Core tests. ##
## ----------- ##

configure:2947: looking for aux files: config.guess config.sub missing install-sh compile
configure:2960:  trying ./
configure:2989:   ./config.guess found
configure:2989:   ./config.sub found
configure:2989:   ./missing found
configure:2971:   ./install-sh found
configure:2989:   ./compile found
configure:3109: checking for gawk
configure:3130: found /nix/store/9izpdvqkiidxqp3x7fhjmmx0xsjq1n9s-gawk-5.1.1/bin/gawk
configure:3141: result: gawk
configure:3280: checking for C++ compiler version
configure:3289: g++ --version >&5
g++ (GCC) 11.3.0
Copyright (C) 2021 Free Software Foundation, Inc.
This is free software; see the source for copying conditions.  There is NO
warranty; not even for MERCHANTABILITY or FITNESS FOR A PARTICULAR PURPOSE.

configure:3300: $? = 0
configure:3289: g++ -v >&5
Using built-in specs.
COLLECT_GCC=/nix/store/qm03mh5x2j4ls0y80y8h3zsyj4hb52w2-gcc-11.3.0/bin/g++
COLLECT_LTO_WRAPPER=/nix/store/qm03mh5x2j4ls0y80y8h3zsyj4hb52w2-gcc-11.3.0/libexec/gcc/x86_64-unknown-linux-gnu/11.3.0/lto-wrapper
Target: x86_64-unknown-linux-gnu
Configured with: 
Thread model: posix
Supported LTO compression algorithms: zlib
gcc version 11.3.0 (GCC) 
configure:3300: $? = 0
configure:3289: g++ -V >&5
g++: error: unrecognized command-line option '-V'
g++: fatal error: no input files
compilation terminated.
configure:3300: $? = 1
configure:3289: g++ -qversion >&5
g++: error: unrecognized command-line option '-qversion'; did you mean '--version'?
g++: fatal error: no input files
compilation terminated.
configure:3300: $? = 1
configure:3320: checking whether the C++ compiler works
configure:3342: g++    conftest.cpp  >&5
configure:3346: $? = 0
configure:3396: result: yes
configure:3399: checking for C++ compiler default output file name
configure:3401: result: a.out
configure:3407: checking for suffix of executables
configure:3414: g++ -o conftest    conftest.cpp  >&5
configure:3418: $? = 0
configure:3441: result: 
configure:3463: checking whether we are cross compiling
configure:3471: g++ -o conftest    conftest.cpp  >&5
configure:3475: $? = 0
configure:3482: ./conftest
configure:3486: $? = 0
configure:3501: result: no
configure:3506: checking for suffix of object files
configure:3529: g++ -c   conftest.cpp >&5
configure:3533: $? = 0
configure:3555: result: o
configure:3559: checking whether the compiler supports GNU C++
configure:3579: g++ -c   conftest.cpp >&5
configure:3579: $? = 0
configure:3589: result: yes
configure:3600: checking whether g++ accepts -g
configure:3621: g++ -c -g  conftest.cpp >&5
configure:3621: $? = 0
configure:3665: result: yes
configure:3685: checking for g++ option to enable C++11 features
configure:3700: g++  -c -g -O2  conftest.cpp >&5
conftest.cpp: In function 'int main(int, char**)':
conftest.cpp:175:25: warning: empty parentheses were disambiguated as a function declaration [-Wvexing-parse]
  175 |   cxx11test::delegate d2();
      |                         ^~
conftest.cpp:175:25: note: remove parentheses to default-initialize a variable
  175 |   cxx11test::delegate d2();
      |                         ^~
      |                         --
conftest.cpp:175:25: note: or replace parentheses with braces to value-initialize a variable
configure:3700: $? = 0
configure:3718: result: none needed
configure:3844: checking for gcc
configure:3876: result: gcc
configure:4229: checking for C compiler version
configure:4238: gcc --version >&5
gcc (GCC) 11.3.0
Copyright (C) 2021 Free Software Foundation, Inc.
This is free software; see the source for copying conditions.  There is NO
warranty; not even for MERCHANTABILITY or FITNESS FOR A PARTICULAR PURPOSE.

configure:4249: $? = 0
configure:4238: gcc -v >&5
Using built-in specs.
COLLECT_GCC=/nix/store/qm03mh5x2j4ls0y80y8h3zsyj4hb52w2-gcc-11.3.0/bin/gcc
COLLECT_LTO_WRAPPER=/nix/store/qm03mh5x2j4ls0y80y8h3zsyj4hb52w2-gcc-11.3.0/libexec/gcc/x86_64-unknown-linux-gnu/11.3.0/lto-wrapper
Target: x86_64-unknown-linux-gnu
Configured with: 
Thread model: posix
Supported LTO compression algorithms: zlib
gcc version 11.3.0 (GCC) 
configure:4249: $? = 0
configure:4238: gcc -V >&5
gcc: error: unrecognized command-line option '-V'
gcc: fatal error: no input files
compilation terminated.
configure:4249: $? = 1
configure:4238: gcc -qversion >&5
gcc: error: unrecognized command-line option '-qversion'; did you mean '--version'?
gcc: fatal error: no input files
compilation terminated.
configure:4249: $? = 1
configure:4238: gcc -version >&5
gcc: error: unrecognized command-line option '-version'
gcc: fatal error: no input files
compilation terminated.
configure:4249: $? = 1
configure:4253: checking whether the compiler supports GNU C
configure:4273: gcc -c   conftest.c >&5
configure:4273: $? = 0
configure:4283: result: yes
configure:4294: checking whether gcc accepts -g
configure:4315: gcc -c -g  conftest.c >&5
configure:4315: $? = 0
configure:4359: result: yes
configure:4379: checking for gcc option to enable C11 features
configure:4394: gcc  -c -g -O2  conftest.c >&5
configure:4394: $? = 0
configure:4412: result: none needed
configure:4533: checking whether gcc understands -c and -o together
configure:4556: gcc -c conftest.c -o conftest2.o
configure:4559: $? = 0
configure:4556: gcc -c conftest.c -o conftest2.o
configure:4559: $? = 0
configure:4571: result: yes
configure:4593: checking how to run the C preprocessor
configure:4619: gcc -E  conftest.c
configure:4619: $? = 0
configure:4634: gcc -E  conftest.c
conftest.c:9:10: fatal error: ac_nonexistent.h: No such file or directory
    9 | #include <ac_nonexistent.h>
      |          ^~~~~~~~~~~~~~~~~~
compilation terminated.
configure:4634: $? = 1
configure: failed program was:
| /* confdefs.h */
| #define PACKAGE_NAME "OpenPraparat"
| #define PACKAGE_TARNAME "openpraparat"
| #define PACKAGE_VERSION "0.1"
| #define PACKAGE_STRING "OpenPraparat 0.1"
| #define PACKAGE_BUGREPORT "BUG-REPORT-ADDRESS"
| #define PACKAGE_URL ""
| /* end confdefs.h.  */
| #include <ac_nonexistent.h>
configure:4661: result: gcc -E
configure:4675: gcc -E  conftest.c
configure:4675: $? = 0
configure:4690: gcc -E  conftest.c
conftest.c:9:10: fatal error: ac_nonexistent.h: No such file or directory
    9 | #include <ac_nonexistent.h>
      |          ^~~~~~~~~~~~~~~~~~
compilation terminated.
configure:4690: $? = 1
configure: failed program was:
| /* confdefs.h */
| #define PACKAGE_NAME "OpenPraparat"
| #define PACKAGE_TARNAME "openpraparat"
| #define PACKAGE_VERSION "0.1"
| #define PACKAGE_STRING "OpenPraparat 0.1"
| #define PACKAGE_BUGREPORT "BUG-REPORT-ADDRESS"
| #define PACKAGE_URL ""
| /* end confdefs.h.  */
| #include <ac_nonexistent.h>
configure:4778: checking for gfortran
configure:4799: found /nix/store/8h50phngpjl84l9c7v5q77sfbf7cqfby-gfortran-wrapper-11.3.0/bin/gfortran
configure:4810: result: gfortran
configure:4836: checking for Fortran compiler version
configure:4845: gfortran --version >&5
GNU Fortran (GCC) 11.3.0
Copyright (C) 2021 Free Software Foundation, Inc.
This is free software; see the source for copying conditions.  There is NO
warranty; not even for MERCHANTABILITY or FITNESS FOR A PARTICULAR PURPOSE.

configure:4856: $? = 0
configure:4845: gfortran -v >&5
Using built-in specs.
COLLECT_GCC=/nix/store/x10ds3zxsbawgxkq1s2h7qcs0vdx27g2-gfortran-11.3.0/bin/gfortran
COLLECT_LTO_WRAPPER=/nix/store/x10ds3zxsbawgxkq1s2h7qcs0vdx27g2-gfortran-11.3.0/libexec/gcc/x86_64-unknown-linux-gnu/11.3.0/lto-wrapper
Target: x86_64-unknown-linux-gnu
Configured with: 
Thread model: posix
Supported LTO compression algorithms: zlib
gcc version 11.3.0 (GCC) 
configure:4856: $? = 0
configure:4845: gfortran -V >&5
gfortran: error: unrecognized command-line option '-V'
gfortran: fatal error: no input files
compilation terminated.
configure:4856: $? = 1
configure:4845: gfortran -qversion >&5
gfortran: error: unrecognized command-line option '-qversion'; did you mean '--version'?
gfortran: fatal error: no input files
compilation terminated.
configure:4856: $? = 1
configure:4865: checking whether the compiler supports GNU Fortran
configure:4879: gfortran -c   conftest.F >&5
configure:4879: $? = 0
configure:4889: result: yes
configure:4897: checking whether gfortran accepts -g
configure:4909: gfortran -c -g  conftest.f >&5
configure:4909: $? = 0
configure:4918: result: yes
configure:4947: checking whether ln -s works
configure:4951: result: yes
configure:4975: checking for a BSD-compatible install
configure:5048: result: /nix/store/wxb674h6dp7h63na8z6jwpagps811jl7-coreutils-9.1/bin/install -c
configure:5059: checking whether build environment is sane
configure:5114: result: yes
configure:5269: checking for a race-free mkdir -p
configure:5313: result: /nix/store/wxb674h6dp7h63na8z6jwpagps811jl7-coreutils-9.1/bin/mkdir -p
configure:5316: checking whether make sets $(MAKE)
configure:5339: result: yes
configure:5361: checking whether make supports the include directive
configure:5376: make -f confmf.GNU && cat confinc.out
make[1]: Entering directory '/home/nodokaha/OpenPraparat'
make[1]: Leaving directory '/home/nodokaha/OpenPraparat'
this is the am__doit target
configure:5379: $? = 0
configure:5398: result: yes (GNU style)
configure:5433: checking whether make supports nested variables
configure:5451: result: yes
configure:5532: checking dependency style of gcc
configure:5644: result: gcc3
configure:5661: checking dependency style of g++
configure:5773: result: gcc3
configure:5845: checking whether make sets $(MAKE)
configure:5868: result: yes
configure:5879: checking for main in -lquadmath
configure:5899: gcc -o conftest -g -O2   conftest.c -lquadmath   >&5
configure:5899: $? = 0
configure:5909: result: yes
configure:5920: checking for main in -lGL
configure:5940: gcc -o conftest -g -O2   conftest.c -lGL  -lquadmath  >&5
configure:5940: $? = 0
configure:5950: result: yes
configure:5961: checking for main in -lGLU
configure:5981: gcc -o conftest -g -O2   conftest.c -lGLU  -lGL -lquadmath  >&5
configure:5981: $? = 0
configure:5991: result: yes
configure:6002: checking for main in -lgdi32
configure:6022: gcc -o conftest -g -O2   conftest.c -lgdi32  -lGLU -lGL -lquadmath  >&5
/nix/store/lz1bwpdvlywij5ir0fmncgqa83dlpwhn-binutils-2.39/bin/ld: cannot find -lgdi32: No such file or directory
collect2: error: ld returned 1 exit status
configure:6022: $? = 1
configure: failed program was:
| /* confdefs.h */
| #define PACKAGE_NAME "OpenPraparat"
| #define PACKAGE_TARNAME "openpraparat"
| #define PACKAGE_VERSION "0.1"
| #define PACKAGE_STRING "OpenPraparat 0.1"
| #define PACKAGE_BUGREPORT "BUG-REPORT-ADDRESS"
| #define PACKAGE_URL ""
| #define PACKAGE "openpraparat"
| #define VERSION "0.1"
| #define HAVE_LIBQUADMATH 1
| #define HAVE_LIBGL 1
| #define HAVE_LIBGLU 1
| /* end confdefs.h.  */
| 
| 
| int
| main (void)
| {
| return main ();
|   ;
|   return 0;
| }
configure:6032: result: no
configure:6043: checking for main in -lgfortran
configure:6063: gcc -o conftest -g -O2   conftest.c -lgfortran  -lGLU -lGL -lquadmath  >&5
configure:6063: $? = 0
configure:6073: result: yes
configure:6084: checking for main in -lglfw
configure:6104: gcc -o conftest -g -O2   conftest.c -lglfw  -lgfortran -lGLU -lGL -lquadmath  >&5
configure:6104: $? = 0
configure:6114: result: yes
configure:6125: checking for main in -lglfw3
configure:6145: gcc -o conftest -g -O2   conftest.c -lglfw3  -lglfw -lgfortran -lGLU -lGL -lquadmath  >&5
/nix/store/lz1bwpdvlywij5ir0fmncgqa83dlpwhn-binutils-2.39/bin/ld: cannot find -lglfw3: No such file or directory
collect2: error: ld returned 1 exit status
configure:6145: $? = 1
configure: failed program was:
| /* confdefs.h */
| #define PACKAGE_NAME "OpenPraparat"
| #define PACKAGE_TARNAME "openpraparat"
| #define PACKAGE_VERSION "0.1"
| #define PACKAGE_STRING "OpenPraparat 0.1"
| #define PACKAGE_BUGREPORT "BUG-REPORT-ADDRESS"
| #define PACKAGE_URL ""
| #define PACKAGE "openpraparat"
| #define VERSION "0.1"
| #define HAVE_LIBQUADMATH 1
| #define HAVE_LIBGL 1
| #define HAVE_LIBGLU 1
| #define HAVE_LIBGFORTRAN 1
| #define HAVE_LIBGLFW 1
| /* end confdefs.h.  */
| 
| 
| int
| main (void)
| {
| return main ();
|   ;
|   return 0;
| }
configure:6155: result: no
configure:6166: checking for main in -limm32
configure:6186: gcc -o conftest -g -O2   conftest.c -limm32  -lglfw -lgfortran -lGLU -lGL -lquadmath  >&5
/nix/store/lz1bwpdvlywij5ir0fmncgqa83dlpwhn-binutils-2.39/bin/ld: cannot find -limm32: No such file or directory
collect2: error: ld returned 1 exit status
configure:6186: $? = 1
configure: failed program was:
| /* confdefs.h */
| #define PACKAGE_NAME "OpenPraparat"
| #define PACKAGE_TARNAME "openpraparat"
| #define PACKAGE_VERSION "0.1"
| #define PACKAGE_STRING "OpenPraparat 0.1"
| #define PACKAGE_BUGREPORT "BUG-REPORT-ADDRESS"
| #define PACKAGE_URL ""
| #define PACKAGE "openpraparat"
| #define VERSION "0.1"
| #define HAVE_LIBQUADMATH 1
| #define HAVE_LIBGL 1
| #define HAVE_LIBGLU 1
| #define HAVE_LIBGFORTRAN 1
| #define HAVE_LIBGLFW 1
| /* end confdefs.h.  */
| 
| 
| int
| main (void)
| {
| return main ();
|   ;
|   return 0;
| }
configure:6196: result: no
configure:6207: checking for main in -lopengl32
configure:6227: gcc -o conftest -g -O2   conftest.c -lopengl32  -lglfw -lgfortran -lGLU -lGL -lquadmath  >&5
/nix/store/lz1bwpdvlywij5ir0fmncgqa83dlpwhn-binutils-2.39/bin/ld: cannot find -lopengl32: No such file or directory
collect2: error: ld returned 1 exit status
configure:6227: $? = 1
configure: failed program was:
| /* confdefs.h */
| #define PACKAGE_NAME "OpenPraparat"
| #define PACKAGE_TARNAME "openpraparat"
| #define PACKAGE_VERSION "0.1"
| #define PACKAGE_STRING "OpenPraparat 0.1"
| #define PACKAGE_BUGREPORT "BUG-REPORT-ADDRESS"
| #define PACKAGE_URL ""
| #define PACKAGE "openpraparat"
| #define VERSION "0.1"
| #define HAVE_LIBQUADMATH 1
| #define HAVE_LIBGL 1
| #define HAVE_LIBGLU 1
| #define HAVE_LIBGFORTRAN 1
| #define HAVE_LIBGLFW 1
| /* end confdefs.h.  */
| 
| 
| int
| main (void)
| {
| return main ();
|   ;
|   return 0;
| }
configure:6237: result: no
configure:6248: checking for main in -lpthread
configure:6268: gcc -o conftest -g -O2   conftest.c -lpthread  -lglfw -lgfortran -lGLU -lGL -lquadmath  >&5
configure:6268: $? = 0
configure:6278: result: yes
configure:6291: checking for main in -lGL
configure:6321: result: yes
configure:6332: checking for main in -lGLU
configure:6362: result: yes
configure:6373: checking for main in -lgdi32
configure:6403: result: no
configure:6414: checking for main in -lgfortran
configure:6444: result: yes
configure:6455: checking for main in -lglfw
configure:6485: result: yes
configure:6496: checking for main in -lglfw3
configure:6526: result: no
configure:6537: checking for main in -lglu32
configure:6557: gcc -o conftest -g -O2   conftest.c -lglu32  -lglfw -lgfortran -lGLU -lGL -lpthread -lglfw -lgfortran -lGLU -lGL -lquadmath  >&5
/nix/store/lz1bwpdvlywij5ir0fmncgqa83dlpwhn-binutils-2.39/bin/ld: cannot find -lglu32: No such file or directory
collect2: error: ld returned 1 exit status
configure:6557: $? = 1
configure: failed program was:
| /* confdefs.h */
| #define PACKAGE_NAME "OpenPraparat"
| #define PACKAGE_TARNAME "openpraparat"
| #define PACKAGE_VERSION "0.1"
| #define PACKAGE_STRING "OpenPraparat 0.1"
| #define PACKAGE_BUGREPORT "BUG-REPORT-ADDRESS"
| #define PACKAGE_URL ""
| #define PACKAGE "openpraparat"
| #define VERSION "0.1"
| #define HAVE_LIBQUADMATH 1
| #define HAVE_LIBGL 1
| #define HAVE_LIBGLU 1
| #define HAVE_LIBGFORTRAN 1
| #define HAVE_LIBGLFW 1
| #define HAVE_LIBPTHREAD 1
| #define HAVE_LIBGL 1
| #define HAVE_LIBGLU 1
| #define HAVE_LIBGFORTRAN 1
| #define HAVE_LIBGLFW 1
| /* end confdefs.h.  */
| 
| 
| int
| main (void)
| {
| return main ();
|   ;
|   return 0;
| }
configure:6567: result: no
configure:6578: checking for main in -limm32
configure:6608: result: no
configure:6619: checking for main in -lopengl32
configure:6649: result: no
configure:6660: checking for main in -lpthread
configure:6690: result: yes
configure:6706: checking for stdio.h
configure:6706: gcc -c -g -O2  conftest.c >&5
configure:6706: $? = 0
configure:6706: result: yes
configure:6706: checking for stdlib.h
configure:6706: gcc -c -g -O2  conftest.c >&5
configure:6706: $? = 0
configure:6706: result: yes
configure:6706: checking for string.h
configure:6706: gcc -c -g -O2  conftest.c >&5
configure:6706: $? = 0
configure:6706: result: yes
configure:6706: checking for inttypes.h
configure:6706: gcc -c -g -O2  conftest.c >&5
configure:6706: $? = 0
configure:6706: result: yes
configure:6706: checking for stdint.h
configure:6706: gcc -c -g -O2  conftest.c >&5
configure:6706: $? = 0
configure:6706: result: yes
configure:6706: checking for strings.h
configure:6706: gcc -c -g -O2  conftest.c >&5
configure:6706: $? = 0
configure:6706: result: yes
configure:6706: checking for sys/stat.h
configure:6706: gcc -c -g -O2  conftest.c >&5
configure:6706: $? = 0
configure:6706: result: yes
configure:6706: checking for sys/types.h
configure:6706: gcc -c -g -O2  conftest.c >&5
configure:6706: $? = 0
configure:6706: result: yes
configure:6706: checking for unistd.h
configure:6706: gcc -c -g -O2  conftest.c >&5
configure:6706: $? = 0
configure:6706: result: yes
configure:6731: checking for malloc.h
configure:6731: gcc -c -g -O2  conftest.c >&5
configure:6731: $? = 0
configure:6731: result: yes
configure:6737: checking for stdint.h
configure:6737: result: yes
configure:6746: checking for _Bool
configure:6746: gcc -c -g -O2  conftest.c >&5
configure:6746: $? = 0
configure:6746: gcc -c -g -O2  conftest.c >&5
conftest.c: In function 'main':
conftest.c:65:20: error: expected expression before ')' token
   65 | if (sizeof ((_Bool)))
      |                    ^
configure:6746: $? = 1
configure: failed program was:
| /* confdefs.h */
| #define PACKAGE_NAME "OpenPraparat"
| #define PACKAGE_TARNAME "openpraparat"
| #define PACKAGE_VERSION "0.1"
| #define PACKAGE_STRING "OpenPraparat 0.1"
| #define PACKAGE_BUGREPORT "BUG-REPORT-ADDRESS"
| #define PACKAGE_URL ""
| #define PACKAGE "openpraparat"
| #define VERSION "0.1"
| #define HAVE_LIBQUADMATH 1
| #define HAVE_LIBGL 1
| #define HAVE_LIBGLU 1
| #define HAVE_LIBGFORTRAN 1
| #define HAVE_LIBGLFW 1
| #define HAVE_LIBPTHREAD 1
| #define HAVE_LIBGL 1
| #define HAVE_LIBGLU 1
| #define HAVE_LIBGFORTRAN 1
| #define HAVE_LIBGLFW 1
| #define HAVE_LIBPTHREAD 1
| #define HAVE_STDIO_H 1
| #define HAVE_STDLIB_H 1
| #define HAVE_STRING_H 1
| #define HAVE_INTTYPES_H 1
| #define HAVE_STDINT_H 1
| #define HAVE_STRINGS_H 1
| #define HAVE_SYS_STAT_H 1
| #define HAVE_SYS_TYPES_H 1
| #define HAVE_UNISTD_H 1
| #define STDC_HEADERS 1
| #define HAVE_MALLOC_H 1
| #define HAVE_STDINT_H 1
| /* end confdefs.h.  */
| #include <stddef.h>
| #ifdef HAVE_STDIO_H
| # include <stdio.h>
| #endif
| #ifdef HAVE_STDLIB_H
| # include <stdlib.h>
| #endif
| #ifdef HAVE_STRING_H
| # include <string.h>
| #endif
| #ifdef HAVE_INTTYPES_H
| # include <inttypes.h>
| #endif
| #ifdef HAVE_STDINT_H
| # include <stdint.h>
| #endif
| #ifdef HAVE_STRINGS_H
| # include <strings.h>
| #endif
| #ifdef HAVE_SYS_TYPES_H
| # include <sys/types.h>
| #endif
| #ifdef HAVE_SYS_STAT_H
| # include <sys/stat.h>
| #endif
| #ifdef HAVE_UNISTD_H
| # include <unistd.h>
| #endif
| int
| main (void)
| {
| if (sizeof ((_Bool)))
| 	    return 0;
|   ;
|   return 0;
| }
configure:6746: result: yes
configure:6755: checking for stdbool.h that conforms to C99
configure:6871: gcc -c -g -O2  conftest.c >&5
configure:6871: $? = 0
configure:6879: result: yes
configure:6883: checking for grep that handles long lines and -e
configure:6947: result: /nix/store/6cw0r7hvdrijq1izljsl9bqbl6568chp-gnugrep-3.7/bin/grep
configure:6952: checking for egrep
configure:7020: result: /nix/store/6cw0r7hvdrijq1izljsl9bqbl6568chp-gnugrep-3.7/bin/grep -E
configure:7025: checking for uid_t in sys/types.h
configure:7046: result: yes
configure:7057: checking for inline
configure:7074: gcc -c -g -O2  conftest.c >&5
configure:7074: $? = 0
configure:7083: result: inline
configure:7101: checking for int32_t
configure:7101: gcc -c -g -O2  conftest.c >&5
configure:7101: $? = 0
configure:7101: gcc -c -g -O2  conftest.c >&5
conftest.c: In function 'main':
conftest.c:68:67: warning: integer overflow in expression of type 'int' results in '-2147483648' [-Woverflow]
   68 |                  < (int32_t) (((((int32_t) 1 << N) << N) - 1) * 2 + 2))];
      |                                                                   ^
conftest.c:67:12: error: storage size of 'test_array' isn't constant
   67 | static int test_array [1 - 2 * !((int32_t) (((((int32_t) 1 << N) << N) - 1) * 2 + 1)
      |            ^~~~~~~~~~
configure:7101: $? = 1
configure: failed program was:
| /* confdefs.h */
| #define PACKAGE_NAME "OpenPraparat"
| #define PACKAGE_TARNAME "openpraparat"
| #define PACKAGE_VERSION "0.1"
| #define PACKAGE_STRING "OpenPraparat 0.1"
| #define PACKAGE_BUGREPORT "BUG-REPORT-ADDRESS"
| #define PACKAGE_URL ""
| #define PACKAGE "openpraparat"
| #define VERSION "0.1"
| #define HAVE_LIBQUADMATH 1
| #define HAVE_LIBGL 1
| #define HAVE_LIBGLU 1
| #define HAVE_LIBGFORTRAN 1
| #define HAVE_LIBGLFW 1
| #define HAVE_LIBPTHREAD 1
| #define HAVE_LIBGL 1
| #define HAVE_LIBGLU 1
| #define HAVE_LIBGFORTRAN 1
| #define HAVE_LIBGLFW 1
| #define HAVE_LIBPTHREAD 1
| #define HAVE_STDIO_H 1
| #define HAVE_STDLIB_H 1
| #define HAVE_STRING_H 1
| #define HAVE_INTTYPES_H 1
| #define HAVE_STDINT_H 1
| #define HAVE_STRINGS_H 1
| #define HAVE_SYS_STAT_H 1
| #define HAVE_SYS_TYPES_H 1
| #define HAVE_UNISTD_H 1
| #define STDC_HEADERS 1
| #define HAVE_MALLOC_H 1
| #define HAVE_STDINT_H 1
| #define HAVE__BOOL 1
| /* end confdefs.h.  */
| #include <stddef.h>
| #ifdef HAVE_STDIO_H
| # include <stdio.h>
| #endif
| #ifdef HAVE_STDLIB_H
| # include <stdlib.h>
| #endif
| #ifdef HAVE_STRING_H
| # include <string.h>
| #endif
| #ifdef HAVE_INTTYPES_H
| # include <inttypes.h>
| #endif
| #ifdef HAVE_STDINT_H
| # include <stdint.h>
| #endif
| #ifdef HAVE_STRINGS_H
| # include <strings.h>
| #endif
| #ifdef HAVE_SYS_TYPES_H
| # include <sys/types.h>
| #endif
| #ifdef HAVE_SYS_STAT_H
| # include <sys/stat.h>
| #endif
| #ifdef HAVE_UNISTD_H
| # include <unistd.h>
| #endif
| 	        enum { N = 32 / 2 - 1 };
| int
| main (void)
| {
| static int test_array [1 - 2 * !((int32_t) (((((int32_t) 1 << N) << N) - 1) * 2 + 1)
| 		 < (int32_t) (((((int32_t) 1 << N) << N) - 1) * 2 + 2))];
| test_array [0] = 0;
| return test_array [0];
| 
|   ;
|   return 0;
| }
configure:7101: result: yes
configure:7110: checking for int64_t
configure:7110: gcc -c -g -O2  conftest.c >&5
configure:7110: $? = 0
configure:7110: gcc -c -g -O2  conftest.c >&5
conftest.c: In function 'main':
conftest.c:68:67: warning: integer overflow in expression of type 'long int' results in '-9223372036854775808' [-Woverflow]
   68 |                  < (int64_t) (((((int64_t) 1 << N) << N) - 1) * 2 + 2))];
      |                                                                   ^
conftest.c:67:12: error: storage size of 'test_array' isn't constant
   67 | static int test_array [1 - 2 * !((int64_t) (((((int64_t) 1 << N) << N) - 1) * 2 + 1)
      |            ^~~~~~~~~~
configure:7110: $? = 1
configure: failed program was:
| /* confdefs.h */
| #define PACKAGE_NAME "OpenPraparat"
| #define PACKAGE_TARNAME "openpraparat"
| #define PACKAGE_VERSION "0.1"
| #define PACKAGE_STRING "OpenPraparat 0.1"
| #define PACKAGE_BUGREPORT "BUG-REPORT-ADDRESS"
| #define PACKAGE_URL ""
| #define PACKAGE "openpraparat"
| #define VERSION "0.1"
| #define HAVE_LIBQUADMATH 1
| #define HAVE_LIBGL 1
| #define HAVE_LIBGLU 1
| #define HAVE_LIBGFORTRAN 1
| #define HAVE_LIBGLFW 1
| #define HAVE_LIBPTHREAD 1
| #define HAVE_LIBGL 1
| #define HAVE_LIBGLU 1
| #define HAVE_LIBGFORTRAN 1
| #define HAVE_LIBGLFW 1
| #define HAVE_LIBPTHREAD 1
| #define HAVE_STDIO_H 1
| #define HAVE_STDLIB_H 1
| #define HAVE_STRING_H 1
| #define HAVE_INTTYPES_H 1
| #define HAVE_STDINT_H 1
| #define HAVE_STRINGS_H 1
| #define HAVE_SYS_STAT_H 1
| #define HAVE_SYS_TYPES_H 1
| #define HAVE_UNISTD_H 1
| #define STDC_HEADERS 1
| #define HAVE_MALLOC_H 1
| #define HAVE_STDINT_H 1
| #define HAVE__BOOL 1
| /* end confdefs.h.  */
| #include <stddef.h>
| #ifdef HAVE_STDIO_H
| # include <stdio.h>
| #endif
| #ifdef HAVE_STDLIB_H
| # include <stdlib.h>
| #endif
| #ifdef HAVE_STRING_H
| # include <string.h>
| #endif
| #ifdef HAVE_INTTYPES_H
| # include <inttypes.h>
| #endif
| #ifdef HAVE_STDINT_H
| # include <stdint.h>
| #endif
| #ifdef HAVE_STRINGS_H
| # include <strings.h>
| #endif
| #ifdef HAVE_SYS_TYPES_H
| # include <sys/types.h>
| #endif
| #ifdef HAVE_SYS_STAT_H
| # include <sys/stat.h>
| #endif
| #ifdef HAVE_UNISTD_H
| # include <unistd.h>
| #endif
| 	        enum { N = 64 / 2 - 1 };
| int
| main (void)
| {
| static int test_array [1 - 2 * !((int64_t) (((((int64_t) 1 << N) << N) - 1) * 2 + 1)
| 		 < (int64_t) (((((int64_t) 1 << N) << N) - 1) * 2 + 2))];
| test_array [0] = 0;
| return test_array [0];
| 
|   ;
|   return 0;
| }
configure:7110: result: yes
configure:7119: checking for mode_t
configure:7119: gcc -c -g -O2  conftest.c >&5
configure:7119: $? = 0
configure:7119: gcc -c -g -O2  conftest.c >&5
conftest.c: In function 'main':
conftest.c:66:21: error: expected expression before ')' token
   66 | if (sizeof ((mode_t)))
      |                     ^
configure:7119: $? = 1
configure: failed program was:
| /* confdefs.h */
| #define PACKAGE_NAME "OpenPraparat"
| #define PACKAGE_TARNAME "openpraparat"
| #define PACKAGE_VERSION "0.1"
| #define PACKAGE_STRING "OpenPraparat 0.1"
| #define PACKAGE_BUGREPORT "BUG-REPORT-ADDRESS"
| #define PACKAGE_URL ""
| #define PACKAGE "openpraparat"
| #define VERSION "0.1"
| #define HAVE_LIBQUADMATH 1
| #define HAVE_LIBGL 1
| #define HAVE_LIBGLU 1
| #define HAVE_LIBGFORTRAN 1
| #define HAVE_LIBGLFW 1
| #define HAVE_LIBPTHREAD 1
| #define HAVE_LIBGL 1
| #define HAVE_LIBGLU 1
| #define HAVE_LIBGFORTRAN 1
| #define HAVE_LIBGLFW 1
| #define HAVE_LIBPTHREAD 1
| #define HAVE_STDIO_H 1
| #define HAVE_STDLIB_H 1
| #define HAVE_STRING_H 1
| #define HAVE_INTTYPES_H 1
| #define HAVE_STDINT_H 1
| #define HAVE_STRINGS_H 1
| #define HAVE_SYS_STAT_H 1
| #define HAVE_SYS_TYPES_H 1
| #define HAVE_UNISTD_H 1
| #define STDC_HEADERS 1
| #define HAVE_MALLOC_H 1
| #define HAVE_STDINT_H 1
| #define HAVE__BOOL 1
| /* end confdefs.h.  */
| #include <stddef.h>
| #ifdef HAVE_STDIO_H
| # include <stdio.h>
| #endif
| #ifdef HAVE_STDLIB_H
| # include <stdlib.h>
| #endif
| #ifdef HAVE_STRING_H
| # include <string.h>
| #endif
| #ifdef HAVE_INTTYPES_H
| # include <inttypes.h>
| #endif
| #ifdef HAVE_STDINT_H
| # include <stdint.h>
| #endif
| #ifdef HAVE_STRINGS_H
| # include <strings.h>
| #endif
| #ifdef HAVE_SYS_TYPES_H
| # include <sys/types.h>
| #endif
| #ifdef HAVE_SYS_STAT_H
| # include <sys/stat.h>
| #endif
| #ifdef HAVE_UNISTD_H
| # include <unistd.h>
| #endif
| int
| main (void)
| {
| if (sizeof ((mode_t)))
| 	    return 0;
|   ;
|   return 0;
| }
configure:7119: result: yes
configure:7129: checking for off_t
configure:7129: gcc -c -g -O2  conftest.c >&5
configure:7129: $? = 0
configure:7129: gcc -c -g -O2  conftest.c >&5
conftest.c: In function 'main':
conftest.c:66:20: error: expected expression before ')' token
   66 | if (sizeof ((off_t)))
      |                    ^
configure:7129: $? = 1
configure: failed program was:
| /* confdefs.h */
| #define PACKAGE_NAME "OpenPraparat"
| #define PACKAGE_TARNAME "openpraparat"
| #define PACKAGE_VERSION "0.1"
| #define PACKAGE_STRING "OpenPraparat 0.1"
| #define PACKAGE_BUGREPORT "BUG-REPORT-ADDRESS"
| #define PACKAGE_URL ""
| #define PACKAGE "openpraparat"
| #define VERSION "0.1"
| #define HAVE_LIBQUADMATH 1
| #define HAVE_LIBGL 1
| #define HAVE_LIBGLU 1
| #define HAVE_LIBGFORTRAN 1
| #define HAVE_LIBGLFW 1
| #define HAVE_LIBPTHREAD 1
| #define HAVE_LIBGL 1
| #define HAVE_LIBGLU 1
| #define HAVE_LIBGFORTRAN 1
| #define HAVE_LIBGLFW 1
| #define HAVE_LIBPTHREAD 1
| #define HAVE_STDIO_H 1
| #define HAVE_STDLIB_H 1
| #define HAVE_STRING_H 1
| #define HAVE_INTTYPES_H 1
| #define HAVE_STDINT_H 1
| #define HAVE_STRINGS_H 1
| #define HAVE_SYS_STAT_H 1
| #define HAVE_SYS_TYPES_H 1
| #define HAVE_UNISTD_H 1
| #define STDC_HEADERS 1
| #define HAVE_MALLOC_H 1
| #define HAVE_STDINT_H 1
| #define HAVE__BOOL 1
| /* end confdefs.h.  */
| #include <stddef.h>
| #ifdef HAVE_STDIO_H
| # include <stdio.h>
| #endif
| #ifdef HAVE_STDLIB_H
| # include <stdlib.h>
| #endif
| #ifdef HAVE_STRING_H
| # include <string.h>
| #endif
| #ifdef HAVE_INTTYPES_H
| # include <inttypes.h>
| #endif
| #ifdef HAVE_STDINT_H
| # include <stdint.h>
| #endif
| #ifdef HAVE_STRINGS_H
| # include <strings.h>
| #endif
| #ifdef HAVE_SYS_TYPES_H
| # include <sys/types.h>
| #endif
| #ifdef HAVE_SYS_STAT_H
| # include <sys/stat.h>
| #endif
| #ifdef HAVE_UNISTD_H
| # include <unistd.h>
| #endif
| int
| main (void)
| {
| if (sizeof ((off_t)))
| 	    return 0;
|   ;
|   return 0;
| }
configure:7129: result: yes
configure:7139: checking for size_t
configure:7139: gcc -c -g -O2  conftest.c >&5
configure:7139: $? = 0
configure:7139: gcc -c -g -O2  conftest.c >&5
conftest.c: In function 'main':
conftest.c:66:21: error: expected expression before ')' token
   66 | if (sizeof ((size_t)))
      |                     ^
configure:7139: $? = 1
configure: failed program was:
| /* confdefs.h */
| #define PACKAGE_NAME "OpenPraparat"
| #define PACKAGE_TARNAME "openpraparat"
| #define PACKAGE_VERSION "0.1"
| #define PACKAGE_STRING "OpenPraparat 0.1"
| #define PACKAGE_BUGREPORT "BUG-REPORT-ADDRESS"
| #define PACKAGE_URL ""
| #define PACKAGE "openpraparat"
| #define VERSION "0.1"
| #define HAVE_LIBQUADMATH 1
| #define HAVE_LIBGL 1
| #define HAVE_LIBGLU 1
| #define HAVE_LIBGFORTRAN 1
| #define HAVE_LIBGLFW 1
| #define HAVE_LIBPTHREAD 1
| #define HAVE_LIBGL 1
| #define HAVE_LIBGLU 1
| #define HAVE_LIBGFORTRAN 1
| #define HAVE_LIBGLFW 1
| #define HAVE_LIBPTHREAD 1
| #define HAVE_STDIO_H 1
| #define HAVE_STDLIB_H 1
| #define HAVE_STRING_H 1
| #define HAVE_INTTYPES_H 1
| #define HAVE_STDINT_H 1
| #define HAVE_STRINGS_H 1
| #define HAVE_SYS_STAT_H 1
| #define HAVE_SYS_TYPES_H 1
| #define HAVE_UNISTD_H 1
| #define STDC_HEADERS 1
| #define HAVE_MALLOC_H 1
| #define HAVE_STDINT_H 1
| #define HAVE__BOOL 1
| /* end confdefs.h.  */
| #include <stddef.h>
| #ifdef HAVE_STDIO_H
| # include <stdio.h>
| #endif
| #ifdef HAVE_STDLIB_H
| # include <stdlib.h>
| #endif
| #ifdef HAVE_STRING_H
| # include <string.h>
| #endif
| #ifdef HAVE_INTTYPES_H
| # include <inttypes.h>
| #endif
| #ifdef HAVE_STDINT_H
| # include <stdint.h>
| #endif
| #ifdef HAVE_STRINGS_H
| # include <strings.h>
| #endif
| #ifdef HAVE_SYS_TYPES_H
| # include <sys/types.h>
| #endif
| #ifdef HAVE_SYS_STAT_H
| # include <sys/stat.h>
| #endif
| #ifdef HAVE_UNISTD_H
| # include <unistd.h>
| #endif
| int
| main (void)
| {
| if (sizeof ((size_t)))
| 	    return 0;
|   ;
|   return 0;
| }
configure:7139: result: yes
configure:7149: checking for struct stat.st_blksize
configure:7149: gcc -c -g -O2  conftest.c >&5
configure:7149: $? = 0
configure:7149: result: yes
configure:7158: checking for struct stat.st_blocks
configure:7158: gcc -c -g -O2  conftest.c >&5
configure:7158: $? = 0
configure:7158: result: yes
configure:7177: checking for struct stat.st_rdev
configure:7177: gcc -c -g -O2  conftest.c >&5
configure:7177: $? = 0
configure:7177: result: yes
configure:7186: checking for uint16_t
configure:7186: gcc -c -g -O2  conftest.c >&5
configure:7186: $? = 0
configure:7186: result: yes
configure:7196: checking for uint32_t
configure:7196: gcc -c -g -O2  conftest.c >&5
configure:7196: $? = 0
configure:7196: result: yes
configure:7208: checking for uint64_t
configure:7208: gcc -c -g -O2  conftest.c >&5
configure:7208: $? = 0
configure:7208: result: yes
configure:7220: checking for uint8_t
configure:7220: gcc -c -g -O2  conftest.c >&5
configure:7220: $? = 0
configure:7220: result: yes
configure:7232: checking for ptrdiff_t
configure:7232: gcc -c -g -O2  conftest.c >&5
configure:7232: $? = 0
configure:7232: gcc -c -g -O2  conftest.c >&5
conftest.c: In function 'main':
conftest.c:70:24: error: expected expression before ')' token
   70 | if (sizeof ((ptrdiff_t)))
      |                        ^
configure:7232: $? = 1
configure: failed program was:
| /* confdefs.h */
| #define PACKAGE_NAME "OpenPraparat"
| #define PACKAGE_TARNAME "openpraparat"
| #define PACKAGE_VERSION "0.1"
| #define PACKAGE_STRING "OpenPraparat 0.1"
| #define PACKAGE_BUGREPORT "BUG-REPORT-ADDRESS"
| #define PACKAGE_URL ""
| #define PACKAGE "openpraparat"
| #define VERSION "0.1"
| #define HAVE_LIBQUADMATH 1
| #define HAVE_LIBGL 1
| #define HAVE_LIBGLU 1
| #define HAVE_LIBGFORTRAN 1
| #define HAVE_LIBGLFW 1
| #define HAVE_LIBPTHREAD 1
| #define HAVE_LIBGL 1
| #define HAVE_LIBGLU 1
| #define HAVE_LIBGFORTRAN 1
| #define HAVE_LIBGLFW 1
| #define HAVE_LIBPTHREAD 1
| #define HAVE_STDIO_H 1
| #define HAVE_STDLIB_H 1
| #define HAVE_STRING_H 1
| #define HAVE_INTTYPES_H 1
| #define HAVE_STDINT_H 1
| #define HAVE_STRINGS_H 1
| #define HAVE_SYS_STAT_H 1
| #define HAVE_SYS_TYPES_H 1
| #define HAVE_UNISTD_H 1
| #define STDC_HEADERS 1
| #define HAVE_MALLOC_H 1
| #define HAVE_STDINT_H 1
| #define HAVE__BOOL 1
| #define HAVE_STRUCT_STAT_ST_BLKSIZE 1
| #define HAVE_STRUCT_STAT_ST_BLOCKS 1
| #define HAVE_ST_BLOCKS 1
| #define HAVE_STRUCT_STAT_ST_RDEV 1
| /* end confdefs.h.  */
| #include <stddef.h>
| #ifdef HAVE_STDIO_H
| # include <stdio.h>
| #endif
| #ifdef HAVE_STDLIB_H
| # include <stdlib.h>
| #endif
| #ifdef HAVE_STRING_H
| # include <string.h>
| #endif
| #ifdef HAVE_INTTYPES_H
| # include <inttypes.h>
| #endif
| #ifdef HAVE_STDINT_H
| # include <stdint.h>
| #endif
| #ifdef HAVE_STRINGS_H
| # include <strings.h>
| #endif
| #ifdef HAVE_SYS_TYPES_H
| # include <sys/types.h>
| #endif
| #ifdef HAVE_SYS_STAT_H
| # include <sys/stat.h>
| #endif
| #ifdef HAVE_UNISTD_H
| # include <unistd.h>
| #endif
| int
| main (void)
| {
| if (sizeof ((ptrdiff_t)))
| 	    return 0;
|   ;
|   return 0;
| }
configure:7232: result: yes
configure:7243: checking for error_at_line
configure:7260: gcc -o conftest -g -O2   conftest.c -lpthread -lglfw -lgfortran -lGLU -lGL -lpthread -lglfw -lgfortran -lGLU -lGL -lquadmath  >&5
configure:7260: $? = 0
configure:7269: result: yes
configure:7280: checking for _LARGEFILE_SOURCE value needed for large files
configure:7300: gcc -o conftest -g -O2   conftest.c -lpthread -lglfw -lgfortran -lGLU -lGL -lpthread -lglfw -lgfortran -lGLU -lGL -lquadmath  >&5
configure:7300: $? = 0
configure:7330: result: no
configure:7355: checking build system type
configure:7370: result: x86_64-pc-linux-gnu
configure:7390: checking host system type
configure:7404: result: x86_64-pc-linux-gnu
configure:7424: checking for GNU libc compatible malloc
configure:7456: gcc -o conftest -g -O2   conftest.c -lpthread -lglfw -lgfortran -lGLU -lGL -lpthread -lglfw -lgfortran -lGLU -lGL -lquadmath  >&5
configure:7456: $? = 0
configure:7456: ./conftest
configure:7456: $? = 0
configure:7467: result: yes
configure:7489: checking for GNU libc compatible realloc
configure:7521: gcc -o conftest -g -O2   conftest.c -lpthread -lglfw -lgfortran -lGLU -lGL -lpthread -lglfw -lgfortran -lGLU -lGL -lquadmath  >&5
configure:7521: $? = 0
configure:7521: ./conftest
configure:7521: $? = 0
configure:7532: result: yes
configure:7554: checking for working strcoll
configure:7582: gcc -o conftest -g -O2   conftest.c -lpthread -lglfw -lgfortran -lGLU -lGL -lpthread -lglfw -lgfortran -lGLU -lGL -lquadmath  >&5
configure:7582: $? = 0
configure:7582: ./conftest
configure:7582: $? = 0
configure:7593: result: yes
configure:7601: checking for atexit
configure:7601: gcc -o conftest -g -O2   conftest.c -lpthread -lglfw -lgfortran -lGLU -lGL -lpthread -lglfw -lgfortran -lGLU -lGL -lquadmath  >&5
configure:7601: $? = 0
configure:7601: result: yes
configure:7607: checking for clock_gettime
configure:7607: gcc -o conftest -g -O2   conftest.c -lpthread -lglfw -lgfortran -lGLU -lGL -lpthread -lglfw -lgfortran -lGLU -lGL -lquadmath  >&5
configure:7607: $? = 0
configure:7607: result: yes
configure:7613: checking for floor
configure:7613: gcc -o conftest -g -O2   conftest.c -lpthread -lglfw -lgfortran -lGLU -lGL -lpthread -lglfw -lgfortran -lGLU -lGL -lquadmath  >&5
conftest.c:62:6: warning: conflicting types for built-in function 'floor'; expected 'double(double)' [-Wbuiltin-declaration-mismatch]
   62 | char floor ();
      |      ^~~~~
conftest.c:54:1: note: 'floor' is declared in header '<math.h>'
   53 | #include <limits.h>
   54 | #undef floor
/nix/store/lz1bwpdvlywij5ir0fmncgqa83dlpwhn-binutils-2.39/bin/ld: /run/user/1000/ccZvoOFB.o: undefined reference to symbol 'floor@@GLIBC_2.2.5'
/nix/store/lz1bwpdvlywij5ir0fmncgqa83dlpwhn-binutils-2.39/bin/ld: /nix/store/2j8jqmnd9l7plihhf713yf291c9vyqjm-glibc-2.35-224/lib/libm.so.6: error adding symbols: DSO missing from command line
collect2: error: ld returned 1 exit status
configure:7613: $? = 1
configure: failed program was:
| /* confdefs.h */
| #define PACKAGE_NAME "OpenPraparat"
| #define PACKAGE_TARNAME "openpraparat"
| #define PACKAGE_VERSION "0.1"
| #define PACKAGE_STRING "OpenPraparat 0.1"
| #define PACKAGE_BUGREPORT "BUG-REPORT-ADDRESS"
| #define PACKAGE_URL ""
| #define PACKAGE "openpraparat"
| #define VERSION "0.1"
| #define HAVE_LIBQUADMATH 1
| #define HAVE_LIBGL 1
| #define HAVE_LIBGLU 1
| #define HAVE_LIBGFORTRAN 1
| #define HAVE_LIBGLFW 1
| #define HAVE_LIBPTHREAD 1
| #define HAVE_LIBGL 1
| #define HAVE_LIBGLU 1
| #define HAVE_LIBGFORTRAN 1
| #define HAVE_LIBGLFW 1
| #define HAVE_LIBPTHREAD 1
| #define HAVE_STDIO_H 1
| #define HAVE_STDLIB_H 1
| #define HAVE_STRING_H 1
| #define HAVE_INTTYPES_H 1
| #define HAVE_STDINT_H 1
| #define HAVE_STRINGS_H 1
| #define HAVE_SYS_STAT_H 1
| #define HAVE_SYS_TYPES_H 1
| #define HAVE_UNISTD_H 1
| #define STDC_HEADERS 1
| #define HAVE_MALLOC_H 1
| #define HAVE_STDINT_H 1
| #define HAVE__BOOL 1
| #define HAVE_STRUCT_STAT_ST_BLKSIZE 1
| #define HAVE_STRUCT_STAT_ST_BLOCKS 1
| #define HAVE_ST_BLOCKS 1
| #define HAVE_STRUCT_STAT_ST_RDEV 1
| #define HAVE_PTRDIFF_T 1
| #define HAVE_FSEEKO 1
| #define HAVE_MALLOC 1
| #define HAVE_REALLOC 1
| #define HAVE_STRCOLL 1
| #define HAVE_ATEXIT 1
| #define HAVE_CLOCK_GETTIME 1
| /* end confdefs.h.  */
| /* Define floor to an innocuous variant, in case <limits.h> declares floor.
|    For example, HP-UX 11i <limits.h> declares gettimeofday.  */
| #define floor innocuous_floor
| 
| /* System header to define __stub macros and hopefully few prototypes,
|    which can conflict with char floor (); below.  */
| 
| #include <limits.h>
| #undef floor
| 
| /* Override any GCC internal prototype to avoid an error.
|    Use char because int might match the return type of a GCC
|    builtin and then its argument prototype would still apply.  */
| #ifdef __cplusplus
| extern "C"
| #endif
| char floor ();
| /* The GNU C library defines this for functions which it implements
|     to always fail with ENOSYS.  Some functions are actually named
|     something starting with __ and the normal name is an alias.  */
| #if defined __stub_floor || defined __stub___floor
| choke me
| #endif
| 
| int
| main (void)
| {
| return floor ();
|   ;
|   return 0;
| }
configure:7613: result: no
configure:7619: checking for localeconv
configure:7619: gcc -o conftest -g -O2   conftest.c -lpthread -lglfw -lgfortran -lGLU -lGL -lpthread -lglfw -lgfortran -lGLU -lGL -lquadmath  >&5
configure:7619: $? = 0
configure:7619: result: yes
configure:7625: checking for memchr
configure:7625: gcc -o conftest -g -O2   conftest.c -lpthread -lglfw -lgfortran -lGLU -lGL -lpthread -lglfw -lgfortran -lGLU -lGL -lquadmath  >&5
conftest.c:63:6: warning: conflicting types for built-in function 'memchr'; expected 'void *(const void *, int,  long unsigned int)' [-Wbuiltin-declaration-mismatch]
   63 | char memchr ();
      |      ^~~~~~
conftest.c:55:1: note: 'memchr' is declared in header '<string.h>'
   54 | #include <limits.h>
   55 | #undef memchr
configure:7625: $? = 0
configure:7625: result: yes
configure:7631: checking for memmove
configure:7631: gcc -o conftest -g -O2   conftest.c -lpthread -lglfw -lgfortran -lGLU -lGL -lpthread -lglfw -lgfortran -lGLU -lGL -lquadmath  >&5
conftest.c:64:6: warning: conflicting types for built-in function 'memmove'; expected 'void *(void *, const void *, long unsigned int)' [-Wbuiltin-declaration-mismatch]
   64 | char memmove ();
      |      ^~~~~~~
conftest.c:56:1: note: 'memmove' is declared in header '<string.h>'
   55 | #include <limits.h>
   56 | #undef memmove
configure:7631: $? = 0
configure:7631: result: yes
configure:7637: checking for memset
configure:7637: gcc -o conftest -g -O2   conftest.c -lpthread -lglfw -lgfortran -lGLU -lGL -lpthread -lglfw -lgfortran -lGLU -lGL -lquadmath  >&5
conftest.c:65:6: warning: conflicting types for built-in function 'memset'; expected 'void *(void *, int,  long unsigned int)' [-Wbuiltin-declaration-mismatch]
   65 | char memset ();
      |      ^~~~~~
conftest.c:57:1: note: 'memset' is declared in header '<string.h>'
   56 | #include <limits.h>
   57 | #undef memset
configure:7637: $? = 0
configure:7637: result: yes
configure:7643: checking for pow
configure:7643: gcc -o conftest -g -O2   conftest.c -lpthread -lglfw -lgfortran -lGLU -lGL -lpthread -lglfw -lgfortran -lGLU -lGL -lquadmath  >&5
conftest.c:66:6: warning: conflicting types for built-in function 'pow'; expected 'double(double,  double)' [-Wbuiltin-declaration-mismatch]
   66 | char pow ();
      |      ^~~
conftest.c:58:1: note: 'pow' is declared in header '<math.h>'
   57 | #include <limits.h>
   58 | #undef pow
/nix/store/lz1bwpdvlywij5ir0fmncgqa83dlpwhn-binutils-2.39/bin/ld: /run/user/1000/cc1kKqgR.o: undefined reference to symbol 'pow@@GLIBC_2.29'
/nix/store/lz1bwpdvlywij5ir0fmncgqa83dlpwhn-binutils-2.39/bin/ld: /nix/store/2j8jqmnd9l7plihhf713yf291c9vyqjm-glibc-2.35-224/lib/libm.so.6: error adding symbols: DSO missing from command line
collect2: error: ld returned 1 exit status
configure:7643: $? = 1
configure: failed program was:
| /* confdefs.h */
| #define PACKAGE_NAME "OpenPraparat"
| #define PACKAGE_TARNAME "openpraparat"
| #define PACKAGE_VERSION "0.1"
| #define PACKAGE_STRING "OpenPraparat 0.1"
| #define PACKAGE_BUGREPORT "BUG-REPORT-ADDRESS"
| #define PACKAGE_URL ""
| #define PACKAGE "openpraparat"
| #define VERSION "0.1"
| #define HAVE_LIBQUADMATH 1
| #define HAVE_LIBGL 1
| #define HAVE_LIBGLU 1
| #define HAVE_LIBGFORTRAN 1
| #define HAVE_LIBGLFW 1
| #define HAVE_LIBPTHREAD 1
| #define HAVE_LIBGL 1
| #define HAVE_LIBGLU 1
| #define HAVE_LIBGFORTRAN 1
| #define HAVE_LIBGLFW 1
| #define HAVE_LIBPTHREAD 1
| #define HAVE_STDIO_H 1
| #define HAVE_STDLIB_H 1
| #define HAVE_STRING_H 1
| #define HAVE_INTTYPES_H 1
| #define HAVE_STDINT_H 1
| #define HAVE_STRINGS_H 1
| #define HAVE_SYS_STAT_H 1
| #define HAVE_SYS_TYPES_H 1
| #define HAVE_UNISTD_H 1
| #define STDC_HEADERS 1
| #define HAVE_MALLOC_H 1
| #define HAVE_STDINT_H 1
| #define HAVE__BOOL 1
| #define HAVE_STRUCT_STAT_ST_BLKSIZE 1
| #define HAVE_STRUCT_STAT_ST_BLOCKS 1
| #define HAVE_ST_BLOCKS 1
| #define HAVE_STRUCT_STAT_ST_RDEV 1
| #define HAVE_PTRDIFF_T 1
| #define HAVE_FSEEKO 1
| #define HAVE_MALLOC 1
| #define HAVE_REALLOC 1
| #define HAVE_STRCOLL 1
| #define HAVE_ATEXIT 1
| #define HAVE_CLOCK_GETTIME 1
| #define HAVE_LOCALECONV 1
| #define HAVE_MEMCHR 1
| #define HAVE_MEMMOVE 1
| #define HAVE_MEMSET 1
| /* end confdefs.h.  */
| /* Define pow to an innocuous variant, in case <limits.h> declares pow.
|    For example, HP-UX 11i <limits.h> declares gettimeofday.  */
| #define pow innocuous_pow
| 
| /* System header to define __stub macros and hopefully few prototypes,
|    which can conflict with char pow (); below.  */
| 
| #include <limits.h>
| #undef pow
| 
| /* Override any GCC internal prototype to avoid an error.
|    Use char because int might match the return type of a GCC
|    builtin and then its argument prototype would still apply.  */
| #ifdef __cplusplus
| extern "C"
| #endif
| char pow ();
| /* The GNU C library defines this for functions which it implements
|     to always fail with ENOSYS.  Some functions are actually named
|     something starting with __ and the normal name is an alias.  */
| #if defined __stub_pow || defined __stub___pow
| choke me
| #endif
| 
| int
| main (void)
| {
| return pow ();
|   ;
|   return 0;
| }
configure:7643: result: no
configure:7649: checking for realpath
configure:7649: gcc -o conftest -g -O2   conftest.c -lpthread -lglfw -lgfortran -lGLU -lGL -lpthread -lglfw -lgfortran -lGLU -lGL -lquadmath  >&5
configure:7649: $? = 0
configure:7649: result: yes
configure:7655: checking for setlocale
configure:7655: gcc -o conftest -g -O2   conftest.c -lpthread -lglfw -lgfortran -lGLU -lGL -lpthread -lglfw -lgfortran -lGLU -lGL -lquadmath  >&5
configure:7655: $? = 0
configure:7655: result: yes
configure:7661: checking for sqrt
configure:7661: gcc -o conftest -g -O2   conftest.c -lpthread -lglfw -lgfortran -lGLU -lGL -lpthread -lglfw -lgfortran -lGLU -lGL -lquadmath  >&5
conftest.c:68:6: warning: conflicting types for built-in function 'sqrt'; expected 'double(double)' [-Wbuiltin-declaration-mismatch]
   68 | char sqrt ();
      |      ^~~~
conftest.c:60:1: note: 'sqrt' is declared in header '<math.h>'
   59 | #include <limits.h>
   60 | #undef sqrt
/nix/store/lz1bwpdvlywij5ir0fmncgqa83dlpwhn-binutils-2.39/bin/ld: /run/user/1000/ccLNCv0N.o: undefined reference to symbol 'sqrt@@GLIBC_2.2.5'
/nix/store/lz1bwpdvlywij5ir0fmncgqa83dlpwhn-binutils-2.39/bin/ld: /nix/store/2j8jqmnd9l7plihhf713yf291c9vyqjm-glibc-2.35-224/lib/libm.so.6: error adding symbols: DSO missing from command line
collect2: error: ld returned 1 exit status
configure:7661: $? = 1
configure: failed program was:
| /* confdefs.h */
| #define PACKAGE_NAME "OpenPraparat"
| #define PACKAGE_TARNAME "openpraparat"
| #define PACKAGE_VERSION "0.1"
| #define PACKAGE_STRING "OpenPraparat 0.1"
| #define PACKAGE_BUGREPORT "BUG-REPORT-ADDRESS"
| #define PACKAGE_URL ""
| #define PACKAGE "openpraparat"
| #define VERSION "0.1"
| #define HAVE_LIBQUADMATH 1
| #define HAVE_LIBGL 1
| #define HAVE_LIBGLU 1
| #define HAVE_LIBGFORTRAN 1
| #define HAVE_LIBGLFW 1
| #define HAVE_LIBPTHREAD 1
| #define HAVE_LIBGL 1
| #define HAVE_LIBGLU 1
| #define HAVE_LIBGFORTRAN 1
| #define HAVE_LIBGLFW 1
| #define HAVE_LIBPTHREAD 1
| #define HAVE_STDIO_H 1
| #define HAVE_STDLIB_H 1
| #define HAVE_STRING_H 1
| #define HAVE_INTTYPES_H 1
| #define HAVE_STDINT_H 1
| #define HAVE_STRINGS_H 1
| #define HAVE_SYS_STAT_H 1
| #define HAVE_SYS_TYPES_H 1
| #define HAVE_UNISTD_H 1
| #define STDC_HEADERS 1
| #define HAVE_MALLOC_H 1
| #define HAVE_STDINT_H 1
| #define HAVE__BOOL 1
| #define HAVE_STRUCT_STAT_ST_BLKSIZE 1
| #define HAVE_STRUCT_STAT_ST_BLOCKS 1
| #define HAVE_ST_BLOCKS 1
| #define HAVE_STRUCT_STAT_ST_RDEV 1
| #define HAVE_PTRDIFF_T 1
| #define HAVE_FSEEKO 1
| #define HAVE_MALLOC 1
| #define HAVE_REALLOC 1
| #define HAVE_STRCOLL 1
| #define HAVE_ATEXIT 1
| #define HAVE_CLOCK_GETTIME 1
| #define HAVE_LOCALECONV 1
| #define HAVE_MEMCHR 1
| #define HAVE_MEMMOVE 1
| #define HAVE_MEMSET 1
| #define HAVE_REALPATH 1
| #define HAVE_SETLOCALE 1
| /* end confdefs.h.  */
| /* Define sqrt to an innocuous variant, in case <limits.h> declares sqrt.
|    For example, HP-UX 11i <limits.h> declares gettimeofday.  */
| #define sqrt innocuous_sqrt
| 
| /* System header to define __stub macros and hopefully few prototypes,
|    which can conflict with char sqrt (); below.  */
| 
| #include <limits.h>
| #undef sqrt
| 
| /* Override any GCC internal prototype to avoid an error.
|    Use char because int might match the return type of a GCC
|    builtin and then its argument prototype would still apply.  */
| #ifdef __cplusplus
| extern "C"
| #endif
| char sqrt ();
| /* The GNU C library defines this for functions which it implements
|     to always fail with ENOSYS.  Some functions are actually named
|     something starting with __ and the normal name is an alias.  */
| #if defined __stub_sqrt || defined __stub___sqrt
| choke me
| #endif
| 
| int
| main (void)
| {
| return sqrt ();
|   ;
|   return 0;
| }
configure:7661: result: no
configure:7667: checking for strchr
configure:7667: gcc -o conftest -g -O2   conftest.c -lpthread -lglfw -lgfortran -lGLU -lGL -lpthread -lglfw -lgfortran -lGLU -lGL -lquadmath  >&5
conftest.c:68:6: warning: conflicting types for built-in function 'strchr'; expected 'char *(const char *, int)' [-Wbuiltin-declaration-mismatch]
   68 | char strchr ();
      |      ^~~~~~
conftest.c:60:1: note: 'strchr' is declared in header '<string.h>'
   59 | #include <limits.h>
   60 | #undef strchr
configure:7667: $? = 0
configure:7667: result: yes
configure:7673: checking for strstr
configure:7673: gcc -o conftest -g -O2   conftest.c -lpthread -lglfw -lgfortran -lGLU -lGL -lpthread -lglfw -lgfortran -lGLU -lGL -lquadmath  >&5
conftest.c:69:6: warning: conflicting types for built-in function 'strstr'; expected 'char *(const char *, const char *)' [-Wbuiltin-declaration-mismatch]
   69 | char strstr ();
      |      ^~~~~~
conftest.c:61:1: note: 'strstr' is declared in header '<string.h>'
   60 | #include <limits.h>
   61 | #undef strstr
configure:7673: $? = 0
configure:7673: result: yes
configure:7784: checking that generated files are newer than configure
configure:7790: result: done
configure:7817: creating ./config.status

## ---------------- ##
## Cache variables. ##
## ---------------- ##

ac_cv_build=x86_64-pc-linux-gnu
ac_cv_c_compiler_gnu=yes
ac_cv_c_inline=inline
ac_cv_c_int32_t=yes
ac_cv_c_int64_t=yes
ac_cv_c_uint16_t=yes
ac_cv_c_uint32_t=yes
ac_cv_c_uint64_t=yes
ac_cv_c_uint8_t=yes
ac_cv_cxx_compiler_gnu=yes
ac_cv_env_CCC_set=
ac_cv_env_CCC_value=
ac_cv_env_CC_set=set
ac_cv_env_CC_value=gcc
ac_cv_env_CFLAGS_set=
ac_cv_env_CFLAGS_value=
ac_cv_env_CPPFLAGS_set=
ac_cv_env_CPPFLAGS_value=
ac_cv_env_CPP_set=
ac_cv_env_CPP_value=
ac_cv_env_CXXFLAGS_set=
ac_cv_env_CXXFLAGS_value=
ac_cv_env_CXX_set=set
ac_cv_env_CXX_value=g++
ac_cv_env_FCFLAGS_set=
ac_cv_env_FCFLAGS_value=
ac_cv_env_FC_set=
ac_cv_env_FC_value=
ac_cv_env_LDFLAGS_set=
ac_cv_env_LDFLAGS_value=
ac_cv_env_LIBS_set=
ac_cv_env_LIBS_value=
ac_cv_env_build_alias_set=
ac_cv_env_build_alias_value=
ac_cv_env_host_alias_set=
ac_cv_env_host_alias_value=
ac_cv_env_target_alias_set=
ac_cv_env_target_alias_value=
ac_cv_fc_compiler_gnu=yes
ac_cv_func_atexit=yes
ac_cv_func_clock_gettime=yes
ac_cv_func_floor=no
ac_cv_func_localeconv=yes
ac_cv_func_malloc_0_nonnull=yes
ac_cv_func_memchr=yes
ac_cv_func_memmove=yes
ac_cv_func_memset=yes
ac_cv_func_pow=no
ac_cv_func_realloc_0_nonnull=yes
ac_cv_func_realpath=yes
ac_cv_func_setlocale=yes
ac_cv_func_sqrt=no
ac_cv_func_strchr=yes
ac_cv_func_strcoll_works=yes
ac_cv_func_strstr=yes
ac_cv_header_inttypes_h=yes
ac_cv_header_malloc_h=yes
ac_cv_header_stdbool_h=yes
ac_cv_header_stdint_h=yes
ac_cv_header_stdio_h=yes
ac_cv_header_stdlib_h=yes
ac_cv_header_string_h=yes
ac_cv_header_strings_h=yes
ac_cv_header_sys_stat_h=yes
ac_cv_header_sys_types_h=yes
ac_cv_header_unistd_h=yes
ac_cv_host=x86_64-pc-linux-gnu
ac_cv_lib_GLU_main=yes
ac_cv_lib_GL_main=yes
ac_cv_lib_error_at_line=yes
ac_cv_lib_gdi32_main=no
ac_cv_lib_gfortran_main=yes
ac_cv_lib_glfw3_main=no
ac_cv_lib_glfw_main=yes
ac_cv_lib_glu32_main=no
ac_cv_lib_imm32_main=no
ac_cv_lib_opengl32_main=no
ac_cv_lib_pthread_main=yes
ac_cv_lib_quadmath_main=yes
ac_cv_member_struct_stat_st_blksize=yes
ac_cv_member_struct_stat_st_blocks=yes
ac_cv_member_struct_stat_st_rdev=yes
ac_cv_objext=o
ac_cv_path_EGREP='/nix/store/6cw0r7hvdrijq1izljsl9bqbl6568chp-gnugrep-3.7/bin/grep -E'
ac_cv_path_GREP=/nix/store/6cw0r7hvdrijq1izljsl9bqbl6568chp-gnugrep-3.7/bin/grep
ac_cv_path_install='/nix/store/wxb674h6dp7h63na8z6jwpagps811jl7-coreutils-9.1/bin/install -c'
ac_cv_path_mkdir=/nix/store/wxb674h6dp7h63na8z6jwpagps811jl7-coreutils-9.1/bin/mkdir
ac_cv_prog_AWK=gawk
ac_cv_prog_CPP='gcc -E'
ac_cv_prog_ac_ct_CC=gcc
ac_cv_prog_ac_ct_FC=gfortran
ac_cv_prog_cc_c11=
ac_cv_prog_cc_g=yes
ac_cv_prog_cc_stdc=
ac_cv_prog_cxx_11=no
ac_cv_prog_cxx_cxx11=
ac_cv_prog_cxx_g=yes
ac_cv_prog_cxx_stdcxx=
ac_cv_prog_fc_g=yes
ac_cv_prog_make_make_set=yes
ac_cv_sys_largefile_source=no
ac_cv_type__Bool=yes
ac_cv_type_mode_t=yes
ac_cv_type_off_t=yes
ac_cv_type_ptrdiff_t=yes
ac_cv_type_size_t=yes
ac_cv_type_uid_t=yes
am_cv_CC_dependencies_compiler_type=gcc3
am_cv_CXX_dependencies_compiler_type=gcc3
am_cv_make_support_nested_variables=yes
am_cv_prog_cc_c_o=yes

## ----------------- ##
## Output variables. ##
## ----------------- ##

ACLOCAL='${SHELL} '\''/home/nodokaha/OpenPraparat/missing'\'' aclocal-1.16'
AMDEPBACKSLASH='\'
AMDEP_FALSE='#'
AMDEP_TRUE=''
AMTAR='$${TAR-tar}'
AM_BACKSLASH='\'
AM_DEFAULT_V='$(AM_DEFAULT_VERBOSITY)'
AM_DEFAULT_VERBOSITY='1'
AM_V='$(V)'
AUTOCONF='${SHELL} '\''/home/nodokaha/OpenPraparat/missing'\'' autoconf'
AUTOHEADER='${SHELL} '\''/home/nodokaha/OpenPraparat/missing'\'' autoheader'
AUTOMAKE='${SHELL} '\''/home/nodokaha/OpenPraparat/missing'\'' automake-1.16'
AWK='gawk'
CC='gcc'
CCDEPMODE='depmode=gcc3'
CFLAGS='-g -O2'
CPP='gcc -E'
CPPFLAGS=''
CSCOPE='cscope'
CTAGS='ctags'
CXX='g++'
CXXDEPMODE='depmode=gcc3'
CXXFLAGS='-g -O2'
CYGPATH_W='echo'
DEFS='-DHAVE_CONFIG_H'
DEPDIR='.deps'
ECHO_C=''
ECHO_N='-n'
ECHO_T=''
EGREP='/nix/store/6cw0r7hvdrijq1izljsl9bqbl6568chp-gnugrep-3.7/bin/grep -E'
ETAGS='etags'
EXEEXT=''
FC='gfortran'
FCFLAGS='-g -O2'
GREP='/nix/store/6cw0r7hvdrijq1izljsl9bqbl6568chp-gnugrep-3.7/bin/grep'
INSTALL_DATA='${INSTALL} -m 644'
INSTALL_PROGRAM='${INSTALL}'
INSTALL_SCRIPT='${INSTALL}'
INSTALL_STRIP_PROGRAM='$(install_sh) -c -s'
LDFLAGS=''
LIBOBJS=''
LIBS='-lpthread -lglfw -lgfortran -lGLU -lGL -lpthread -lglfw -lgfortran -lGLU -lGL -lquadmath '
LN_S='ln -s'
LTLIBOBJS=''
MAKEINFO='${SHELL} '\''/home/nodokaha/OpenPraparat/missing'\'' makeinfo'
MKDIR_P='/nix/store/wxb674h6dp7h63na8z6jwpagps811jl7-coreutils-9.1/bin/mkdir -p'
OBJEXT='o'
PACKAGE='openpraparat'
PACKAGE_BUGREPORT='BUG-REPORT-ADDRESS'
PACKAGE_NAME='OpenPraparat'
PACKAGE_STRING='OpenPraparat 0.1'
PACKAGE_TARNAME='openpraparat'
PACKAGE_URL=''
PACKAGE_VERSION='0.1'
PATH_SEPARATOR=':'
SET_MAKE=''
SHELL='/nix/store/96ky1zdkpq871h2dlk198fz0zvklr1dr-bash-5.1-p16/bin/bash'
STRIP='strip'
VERSION='0.1'
ac_ct_CC='gcc'
ac_ct_CXX=''
ac_ct_FC='gfortran'
am__EXEEXT_FALSE=''
am__EXEEXT_TRUE='#'
am__fastdepCC_FALSE='#'
am__fastdepCC_TRUE=''
am__fastdepCXX_FALSE='#'
am__fastdepCXX_TRUE=''
am__include='include'
am__isrc=''
am__leading_dot='.'
am__nodep='_no'
am__quote=''
am__tar='$${TAR-tar} chof - "$$tardir"'
am__untar='$${TAR-tar} xf -'
bindir='${exec_prefix}/bin'
build='x86_64-pc-linux-gnu'
build_alias=''
build_cpu='x86_64'
build_os='linux-gnu'
build_vendor='pc'
datadir='${datarootdir}'
datarootdir='${prefix}/share'
docdir='${datarootdir}/doc/${PACKAGE_TARNAME}'
dvidir='${docdir}'
exec_prefix='${prefix}'
host='x86_64-pc-linux-gnu'
host_alias=''
host_cpu='x86_64'
host_os='linux-gnu'
host_vendor='pc'
htmldir='${docdir}'
includedir='${prefix}/include'
infodir='${datarootdir}/info'
install_sh='${SHELL} /home/nodokaha/OpenPraparat/install-sh'
libdir='${exec_prefix}/lib'
libexecdir='${exec_prefix}/libexec'
localedir='${datarootdir}/locale'
localstatedir='${prefix}/var'
mandir='${datarootdir}/man'
mkdir_p='$(MKDIR_P)'
oldincludedir='/usr/include'
pdfdir='${docdir}'
prefix='/usr/local'
program_transform_name='s,x,x,'
psdir='${docdir}'
runstatedir='${localstatedir}/run'
sbindir='${exec_prefix}/sbin'
sharedstatedir='${prefix}/com'
sysconfdir='${prefix}/etc'
target_alias=''

## ----------- ##
## confdefs.h. ##
## ----------- ##

/* confdefs.h */
#define PACKAGE_NAME "OpenPraparat"
#define PACKAGE_TARNAME "openpraparat"
#define PACKAGE_VERSION "0.1"
#define PACKAGE_STRING "OpenPraparat 0.1"
#define PACKAGE_BUGREPORT "BUG-REPORT-ADDRESS"
#define PACKAGE_URL ""
#define PACKAGE "openpraparat"
#define VERSION "0.1"
#define HAVE_LIBQUADMATH 1
#define HAVE_LIBGL 1
#define HAVE_LIBGLU 1
#define HAVE_LIBGFORTRAN 1
#define HAVE_LIBGLFW 1
#define HAVE_LIBPTHREAD 1
#define HAVE_LIBGL 1
#define HAVE_LIBGLU 1
#define HAVE_LIBGFORTRAN 1
#define HAVE_LIBGLFW 1
#define HAVE_LIBPTHREAD 1
#define HAVE_STDIO_H 1
#define HAVE_STDLIB_H 1
#define HAVE_STRING_H 1
#define HAVE_INTTYPES_H 1
#define HAVE_STDINT_H 1
#define HAVE_STRINGS_H 1
#define HAVE_SYS_STAT_H 1
#define HAVE_SYS_TYPES_H 1
#define HAVE_UNISTD_H 1
#define STDC_HEADERS 1
#define HAVE_MALLOC_H 1
#define HAVE_STDINT_H 1
#define HAVE__BOOL 1
#define HAVE_STRUCT_STAT_ST_BLKSIZE 1
#define HAVE_STRUCT_STAT_ST_BLOCKS 1
#define HAVE_ST_BLOCKS 1
#define HAVE_STRUCT_STAT_ST_RDEV 1
#define HAVE_PTRDIFF_T 1
#define HAVE_FSEEKO 1
#define HAVE_MALLOC 1
#define HAVE_REALLOC 1
#define HAVE_STRCOLL 1
#define HAVE_ATEXIT 1
#define HAVE_CLOCK_GETTIME 1
#define HAVE_LOCALECONV 1
#define HAVE_MEMCHR 1
#define HAVE_MEMMOVE 1
#define HAVE_MEMSET 1
#define HAVE_REALPATH 1
#define HAVE_SETLOCALE 1
#define HAVE_STRCHR 1
#define HAVE_STRSTR 1

configure: exit 0

## ---------------------- ##
## Running config.status. ##
## ---------------------- ##

This file was extended by OpenPraparat config.status 0.1, which was
generated by GNU Autoconf 2.71.  Invocation command line was

  CONFIG_FILES    = 
  CONFIG_HEADERS  = 
  CONFIG_LINKS    = 
  CONFIG_COMMANDS = 
  $ ./config.status 

on nodokaha-nixos

config.status:901: creating Makefile
config.status:901: creating src/Makefile
config.status:901: creating config.h
config.status:1082: config.h is unchanged
config.status:1130: executing depfiles commands
config.status:1207: cd src       && sed -e '/# am--include-marker/d' Makefile         | make -f - am--depfiles
make[1]: Entering directory '/home/nodokaha/OpenPraparat/src'
make[1]: Nothing to be done for 'am--depfiles'.
make[1]: Leaving directory '/home/nodokaha/OpenPraparat/src'
config.status:1212: $? = 0

## ---------------------- ##
## Running config.status. ##
## ---------------------- ##

This file was extended by OpenPraparat config.status 0.1, which was
generated by GNU Autoconf 2.71.  Invocation command line was

  CONFIG_FILES    = 
  CONFIG_HEADERS  = 
  CONFIG_LINKS    = 
  CONFIG_COMMANDS = 
  $ ./config.status config.h

on nodokaha-nixos

config.status:901: creating config.h
config.status:1082: config.h is unchanged
